mode: set
alghoritms/leetcode/length-of-last-word/length-of-last-word.go:8.39,12.2 3 1
alghoritms/leetcode/length-of-last-word/length-of-last-word.go:15.39,19.22 4 1
alghoritms/leetcode/length-of-last-word/length-of-last-word.go:31.2,31.15 1 1
alghoritms/leetcode/length-of-last-word/length-of-last-word.go:19.22,21.14 2 1
alghoritms/leetcode/length-of-last-word/length-of-last-word.go:21.14,23.4 1 1
alghoritms/leetcode/length-of-last-word/length-of-last-word.go:23.9,24.19 1 1
alghoritms/leetcode/length-of-last-word/length-of-last-word.go:28.4,28.34 1 1
alghoritms/leetcode/length-of-last-word/length-of-last-word.go:24.19,27.5 2 1
