mode: set
alghoritms/leetcode/flood-fill/flood-fill.go:5.66,11.2 5 1
alghoritms/leetcode/flood-fill/flood-fill.go:13.112,14.48 1 1
alghoritms/leetcode/flood-fill/flood-fill.go:19.2,19.39 1 1
alghoritms/leetcode/flood-fill/flood-fill.go:25.2,25.35 1 1
alghoritms/leetcode/flood-fill/flood-fill.go:30.2,30.46 1 1
alghoritms/leetcode/flood-fill/flood-fill.go:14.48,18.3 3 1
alghoritms/leetcode/flood-fill/flood-fill.go:19.39,24.3 3 1
alghoritms/leetcode/flood-fill/flood-fill.go:25.35,29.3 3 1
alghoritms/leetcode/flood-fill/flood-fill.go:30.46,34.3 3 1
alghoritms/leetcode/flood-fill/flood-fill.go:37.120,39.20 2 1
alghoritms/leetcode/flood-fill/flood-fill.go:39.20,40.80 1 1
alghoritms/leetcode/flood-fill/flood-fill.go:40.80,44.4 3 1
