mode: set
alghoritms/leetcode/implement-strstr/implement-strstr.go:3.42,6.40 3 1
alghoritms/leetcode/implement-strstr/implement-strstr.go:9.2,9.29 1 1
alghoritms/leetcode/implement-strstr/implement-strstr.go:12.2,14.35 3 1
alghoritms/leetcode/implement-strstr/implement-strstr.go:31.2,31.11 1 1
alghoritms/leetcode/implement-strstr/implement-strstr.go:6.40,8.3 1 1
alghoritms/leetcode/implement-strstr/implement-strstr.go:9.29,11.3 1 1
alghoritms/leetcode/implement-strstr/implement-strstr.go:14.35,15.41 1 1
alghoritms/leetcode/implement-strstr/implement-strstr.go:15.41,16.26 1 1
alghoritms/leetcode/implement-strstr/implement-strstr.go:19.4,19.34 1 1
alghoritms/leetcode/implement-strstr/implement-strstr.go:22.4,22.17 1 1
alghoritms/leetcode/implement-strstr/implement-strstr.go:16.26,18.5 1 1
alghoritms/leetcode/implement-strstr/implement-strstr.go:19.34,21.5 1 1
alghoritms/leetcode/implement-strstr/implement-strstr.go:23.9,24.26 1 1
alghoritms/leetcode/implement-strstr/implement-strstr.go:27.4,28.19 2 1
alghoritms/leetcode/implement-strstr/implement-strstr.go:24.26,26.5 1 1
